
 Ansys Mechanical Enterprise Academic Student      


 *------------------------------------------------------------------*
 |                                                                  |
 |   W E L C O M E   T O   T H E   A N S Y S (R)  P R O G R A M     |
 |                                                                  |
 *------------------------------------------------------------------*




 ***************************************************************
 *         ANSYS MAPDL 2024 R1          LEGAL NOTICES          *
 ***************************************************************
 *                                                             *
 * Copyright 1971-2024 Ansys, Inc.  All rights reserved.       *
 * Unauthorized use, distribution or duplication is            *
 * prohibited.                                                 *
 *                                                             *
 * Ansys is a registered trademark of Ansys, Inc. or its       *
 * subsidiaries in the United States or other countries.       *
 * See the Ansys, Inc. online documentation or the Ansys, Inc. *
 * documentation CD or online help for the complete Legal      *
 * Notice.                                                     *
 *                                                             *
 ***************************************************************
 *                                                             *
 * THIS ANSYS SOFTWARE PRODUCT AND PROGRAM DOCUMENTATION       *
 * INCLUDE TRADE SECRETS AND CONFIDENTIAL AND PROPRIETARY      *
 * PRODUCTS OF ANSYS, INC., ITS SUBSIDIARIES, OR LICENSORS.    *
 * The software products and documentation are furnished by    *
 * Ansys, Inc. or its subsidiaries under a software license    *
 * agreement that contains provisions concerning               *
 * non-disclosure, copying, length and nature of use,          *
 * compliance with exporting laws, warranties, disclaimers,    *
 * limitations of liability, and remedies, and other           *
 * provisions.  The software products and documentation may be *
 * used, disclosed, transferred, or copied only in accordance  *
 * with the terms and conditions of that software license      *
 * agreement.                                                  *
 *                                                             *
 * Ansys, Inc. is a UL registered                              *
 * ISO 9001:2015 company.                                      *
 *                                                             *
 ***************************************************************
 *                                                             *
 * This product is subject to U.S. laws governing export and   *
 * re-export.                                                  *
 *                                                             *
 * For U.S. Government users, except as specifically granted   *
 * by the Ansys, Inc. software license agreement, the use,     *
 * duplication, or disclosure by the United States Government  *
 * is subject to restrictions stated in the Ansys, Inc.        *
 * software license agreement and FAR 12.212 (for non-DOD      *
 * licenses).                                                  *
 *                                                             *
 ***************************************************************

 2024 R1 
     
 Point Releases and Patches installed:   
     
 Discovery 2024 R1   
 Fluids 2024 R1  
 Ansys Dynamic Reporting 2024 R1 
 SpaceClaim 2024 R1  
 CFX (includes CFD-Post) 2024 R1 
 Chemkin 2024 R1 
 EnSight 2024 R1 
 FENSAP-ICE 2024 R1  
 Fluent (includes CFD-Post) 2024 R1  
 Polyflow (includes CFD-Post) 2024 R1
 Forte (includes EnSight) 2024 R1
 TurboGrid 2024 R1   
 ACIS Geometry Interface 2024 R1 
 AutoCAD Geometry Interface 2024 R1  
 Catia, Version 4 Geometry Interface 2024 R1 
 Catia, Version 5 Geometry Interface 2024 R1 
 Catia, Version 6 Geometry Interface 2024 R1 
 Creo Elements/Direct Modeling Geometry Interface 2024 R1
 Creo Parametric Geometry Interface 2024 R1  
 Inventor Geometry Interface 2024 R1 
 JTOpen Geometry Interface 2024 R1   
 NX Geometry Interface 2024 R1   
 Parasolid Geometry Interface  2024 R1   
 Solid Edge Geometry Interface 2024 R1   
 SOLIDWORKS Geometry Interface 2024 R1   
 Speos 2024 R1   
 Aqwa 2024 R1
 Autodyn 2024 R1 
 Material Calibration App 2024 R1
 Customization Files for User Programmable Features 2024 R1  
 Mechanical Products 2024 R1 
 Motion 2024 R1  
 Academic Student 2024 R1


          *****  MAPDL COMMAND LINE ARGUMENTS  *****
  BATCH MODE REQUESTED (-b)    = NOLIST
  INPUT FILE COPY MODE (-c)    = COPY
  DISTRIBUTED MEMORY PARALLEL REQUESTED
       4 PARALLEL PROCESSES REQUESTED WITH SINGLE THREAD PER PROCESS
    TOTAL OF     4 CORES REQUESTED
  INPUT FILE NAME              = D:\GTIIT\Semester 6_Spring 2024\Design project\Project-in-Design-2024\SW\Box and Lid Combination\_ProjectScratch\ScrD223\dummy.dat
  OUTPUT FILE NAME             = D:\GTIIT\Semester 6_Spring 2024\Design project\Project-in-Design-2024\SW\Box and Lid Combination\_ProjectScratch\ScrD223\solve.out
  START-UP FILE MODE           = NOREAD
  STOP FILE MODE               = NOREAD

 RELEASE= 2024 R1              BUILD= 24.1      UP20231106   VERSION=WINDOWS x64 
 CURRENT JOBNAME=file0  20:51:04  JUN 15, 2024 CP=      0.078


 PARAMETER _DS_PROGRESS =     999.0000000    

 /INPUT FILE= ds.dat  LINE=       0



 *** NOTE ***                            CP =       0.188   TIME= 20:51:04
 The /CONFIG,NOELDB command is not valid in a distributed memory         
 parallel solution.  Command is ignored.                                 

 *GET  _WALLSTRT  FROM  ACTI  ITEM=TIME WALL  VALUE=  20.8511111    

 TITLE= 
 Box and Lid Combination - Final Version--Static Structural (A5)               

  ACT Extensions:
      LSDYNA, 2024.1
      5f463412-bd3e-484b-87e7-cbc0a665e474, wbex
 /COM,     ANSYSMotion, 2024.1
      20180725-3f81-49eb-9f31-41364844c769, wbex
  

 SET PARAMETER DIMENSIONS ON  _WB_PROJECTSCRATCH_DIR
  TYPE=STRI  DIMENSIONS=      248        1        1

 PARAMETER _WB_PROJECTSCRATCH_DIR(1) = D:\GTIIT\Semester 6_Spring 2024\Design project\Project-in-Design-2024\SW\Box and Lid Combination\_ProjectScratch\ScrD223\

 SET PARAMETER DIMENSIONS ON  _WB_SOLVERFILES_DIR
  TYPE=STRI  DIMENSIONS=      248        1        1

 PARAMETER _WB_SOLVERFILES_DIR(1) = D:\GTIIT\Semester 6_Spring 2024\Design project\Project-in-Design-2024\SW\Box and Lid Combination\Box and Lid Combination - Final Version_files\dp0\SYS\MECH\

 SET PARAMETER DIMENSIONS ON  _WB_USERFILES_DIR
  TYPE=STRI  DIMENSIONS=      248        1        1

 PARAMETER _WB_USERFILES_DIR(1) = D:\GTIIT\Semester 6_Spring 2024\Design project\Project-in-Design-2024\SW\Box and Lid Combination\Box and Lid Combination - Final Version_files\user_files\
 --- Data in consistent NMM units. See Solving Units in the help system for more

 MPA UNITS SPECIFIED FOR INTERNAL    
  LENGTH      = MILLIMETERS (mm)
  MASS        = TONNE (Mg)
  TIME        = SECONDS (sec)
  TEMPERATURE = CELSIUS (C)
  TOFFSET     = 273.0
  FORCE       = NEWTON (N)
  HEAT        = MILLIJOULES (mJ)

 INPUT  UNITS ARE ALSO SET TO MPA 

 *** MAPDL - ENGINEERING ANALYSIS SYSTEM  RELEASE 2024 R1          24.1     ***
 Ansys Mechanical Enterprise Academic Student      
 01055371  VERSION=WINDOWS x64   20:51:04  JUN 15, 2024 CP=      0.219

 Box and Lid Combination - Final Version--Static Structural (A5)               



          ***** MAPDL ANALYSIS DEFINITION (PREP7) *****
 *********** Nodes for the whole assembly ***********
 *********** Nodes for all Remote Points ***********
 *********** Elements for Body 1 "Box and Lid Combination - Final Version" *****
 *********** Send User Defined Coordinate System(s) ***********
 *********** Set Reference Temperature ***********
 *********** Send Materials ***********
 *********** Fixed Supports ***********
 *********** Create Remote Point "Internal Remote Point" ***********
 *********** Define Force Using Surface Effect Elements ***********
 *********** Define Force Using Surface Effect Elements ***********
 *********** Define Force Using Surface Effect Elements ***********
 *********** Define Force Using Surface Effect Elements ***********
 *********** Define Force Using Surface Effect Elements ***********
 *********** Define Force Using Surface Effect Elements ***********
 *********** Define Force Using Surface Effect Elements ***********
 *********** Define Force Using Surface Effect Elements ***********
 *********** Define Force Using Surface Effect Elements ***********
 *********** Define Force Using Surface Effect Elements ***********
 *********** Construct Moment Using Remote Attachment ***********


 ***** ROUTINE COMPLETED *****  CP =         2.047


 --- Number of total nodes = 108592
 --- Number of contact elements = 10106
 --- Number of spring elements = 0
 --- Number of bearing elements = 0
 --- Number of solid elements = 63102
 --- Number of condensed parts = 0
 --- Number of total elements = 73209

 *GET  _WALLBSOL  FROM  ACTI  ITEM=TIME WALL  VALUE=  20.8513889    
 ****************************************************************************
 *************************    SOLUTION       ********************************
 ****************************************************************************

 *****  MAPDL SOLUTION ROUTINE  *****


 PERFORM A STATIC ANALYSIS
  THIS WILL BE A NEW ANALYSIS

 PARAMETER _THICKRATIO =     1.000000000    

 USE PRECONDITIONED CONJUGATE GRADIENT SOLVER
  CONVERGENCE TOLERANCE = 1.00000E-08
  MAXIMUM ITERATION     = NumNode*DofPerNode*  1.0000    

 CONTACT INFORMATION PRINTOUT LEVEL       1

 CHECK INITIAL OPEN/CLOSED STATUS OF SELECTED CONTACT ELEMENTS
      AND LIST DETAILED CONTACT PAIR INFORMATION

 SPLIT CONTACT SURFACES AT SOLVE PHASE

    NUMBER OF SPLITTING TBD BY PROGRAM

 DO NOT COMBINE ELEMENT MATRIX FILES (.emat) AFTER DISTRIBUTED PARALLEL SOLUTION

 DO NOT COMBINE ELEMENT SAVE DATA FILES (.esav) AFTER DISTRIBUTED PARALLEL SOLUTION

 NLDIAG: Nonlinear diagnostics CONT option is set to ON. 
         Writing frequency : each ITERATION.

 DO NOT SAVE ANY RESTART FILES AT ALL
 ****************************************************
 ******************* SOLVE FOR LS 1 OF 1 ****************

 SELECT       FOR ITEM=TYPE COMPONENT=    
  IN RANGE         4 TO          4 STEP          1

       2786  ELEMENTS (OF      73209  DEFINED) SELECTED BY  ESEL  COMMAND.

 SELECT      ALL NODES HAVING ANY ELEMENT IN ELEMENT SET.

       5852 NODES (OF     108592  DEFINED) SELECTED FROM
     2786 SELECTED ELEMENTS BY NSLE COMMAND.

 SPECIFIED SURFACE LOAD PRES FOR ALL SELECTED ELEMENTS  LKEY =  1   KVAL = 1
     VALUES =     0.0000         0.0000         0.0000         0.0000    

 SPECIFIED SURFACE LOAD PRES FOR ALL SELECTED ELEMENTS  LKEY =  2   KVAL = 1
     VALUES =   -0.74971E-03   -0.74971E-03   -0.74971E-03   -0.74971E-03

 SPECIFIED SURFACE LOAD PRES FOR ALL SELECTED ELEMENTS  LKEY =  3   KVAL = 1
     VALUES =     0.0000         0.0000         0.0000         0.0000    

 SELECT       FOR ITEM=TYPE COMPONENT=    
  IN RANGE         5 TO          5 STEP          1

        190  ELEMENTS (OF      73209  DEFINED) SELECTED BY  ESEL  COMMAND.

 SELECT      ALL NODES HAVING ANY ELEMENT IN ELEMENT SET.

        452 NODES (OF     108592  DEFINED) SELECTED FROM
      190 SELECTED ELEMENTS BY NSLE COMMAND.

 SPECIFIED SURFACE LOAD PRES FOR ALL SELECTED ELEMENTS  LKEY =  1   KVAL = 1
     VALUES =     0.0000         0.0000         0.0000         0.0000    

 SPECIFIED SURFACE LOAD PRES FOR ALL SELECTED ELEMENTS  LKEY =  2   KVAL = 1
     VALUES =   -0.10833E-01   -0.10833E-01   -0.10833E-01   -0.10833E-01

 SPECIFIED SURFACE LOAD PRES FOR ALL SELECTED ELEMENTS  LKEY =  3   KVAL = 1
     VALUES =     0.0000         0.0000         0.0000         0.0000    

 SELECT       FOR ITEM=TYPE COMPONENT=    
  IN RANGE         6 TO          6 STEP          1

        198  ELEMENTS (OF      73209  DEFINED) SELECTED BY  ESEL  COMMAND.

 SELECT      ALL NODES HAVING ANY ELEMENT IN ELEMENT SET.

        459 NODES (OF     108592  DEFINED) SELECTED FROM
      198 SELECTED ELEMENTS BY NSLE COMMAND.

 SPECIFIED SURFACE LOAD PRES FOR ALL SELECTED ELEMENTS  LKEY =  1   KVAL = 1
     VALUES =   -0.74604E-01   -0.74604E-01   -0.74604E-01   -0.74604E-01

 SPECIFIED SURFACE LOAD PRES FOR ALL SELECTED ELEMENTS  LKEY =  2   KVAL = 1
     VALUES =     0.0000         0.0000         0.0000         0.0000    

 SPECIFIED SURFACE LOAD PRES FOR ALL SELECTED ELEMENTS  LKEY =  3   KVAL = 1
     VALUES =     0.0000         0.0000         0.0000         0.0000    

 SELECT       FOR ITEM=TYPE COMPONENT=    
  IN RANGE         7 TO          7 STEP          1

        114  ELEMENTS (OF      73209  DEFINED) SELECTED BY  ESEL  COMMAND.

 SELECT      ALL NODES HAVING ANY ELEMENT IN ELEMENT SET.

        265 NODES (OF     108592  DEFINED) SELECTED FROM
      114 SELECTED ELEMENTS BY NSLE COMMAND.

 SPECIFIED SURFACE LOAD PRES FOR ALL SELECTED ELEMENTS  LKEY =  1   KVAL = 1
     VALUES =   -0.49736E-01   -0.49736E-01   -0.49736E-01   -0.49736E-01

 SPECIFIED SURFACE LOAD PRES FOR ALL SELECTED ELEMENTS  LKEY =  2   KVAL = 1
     VALUES =     0.0000         0.0000         0.0000         0.0000    

 SPECIFIED SURFACE LOAD PRES FOR ALL SELECTED ELEMENTS  LKEY =  3   KVAL = 1
     VALUES =     0.0000         0.0000         0.0000         0.0000    

 SELECT       FOR ITEM=TYPE COMPONENT=    
  IN RANGE         8 TO          8 STEP          1

        112  ELEMENTS (OF      73209  DEFINED) SELECTED BY  ESEL  COMMAND.

 SELECT      ALL NODES HAVING ANY ELEMENT IN ELEMENT SET.

        261 NODES (OF     108592  DEFINED) SELECTED FROM
      112 SELECTED ELEMENTS BY NSLE COMMAND.

 SPECIFIED SURFACE LOAD PRES FOR ALL SELECTED ELEMENTS  LKEY =  1   KVAL = 1
     VALUES =    0.14921        0.14921        0.14921        0.14921    

 SPECIFIED SURFACE LOAD PRES FOR ALL SELECTED ELEMENTS  LKEY =  2   KVAL = 1
     VALUES =     0.0000         0.0000         0.0000         0.0000    

 SPECIFIED SURFACE LOAD PRES FOR ALL SELECTED ELEMENTS  LKEY =  3   KVAL = 1
     VALUES =     0.0000         0.0000         0.0000         0.0000    

 SELECT       FOR ITEM=TYPE COMPONENT=    
  IN RANGE         9 TO          9 STEP          1

       2786  ELEMENTS (OF      73209  DEFINED) SELECTED BY  ESEL  COMMAND.

 SELECT      ALL NODES HAVING ANY ELEMENT IN ELEMENT SET.

       5852 NODES (OF     108592  DEFINED) SELECTED FROM
     2786 SELECTED ELEMENTS BY NSLE COMMAND.

 SPECIFIED SURFACE LOAD PRES FOR ALL SELECTED ELEMENTS  LKEY =  1   KVAL = 1
     VALUES =    0.74971E-03    0.74971E-03    0.74971E-03    0.74971E-03

 SPECIFIED SURFACE LOAD PRES FOR ALL SELECTED ELEMENTS  LKEY =  2   KVAL = 1
     VALUES =     0.0000         0.0000         0.0000         0.0000    

 SPECIFIED SURFACE LOAD PRES FOR ALL SELECTED ELEMENTS  LKEY =  3   KVAL = 1
     VALUES =     0.0000         0.0000         0.0000         0.0000    

 SELECT       FOR ITEM=TYPE COMPONENT=    
  IN RANGE        10 TO         10 STEP          1

        226  ELEMENTS (OF      73209  DEFINED) SELECTED BY  ESEL  COMMAND.

 SELECT      ALL NODES HAVING ANY ELEMENT IN ELEMENT SET.

        504 NODES (OF     108592  DEFINED) SELECTED FROM
      226 SELECTED ELEMENTS BY NSLE COMMAND.

 SPECIFIED SURFACE LOAD PRES FOR ALL SELECTED ELEMENTS  LKEY =  1   KVAL = 1
     VALUES =     0.0000         0.0000         0.0000         0.0000    

 SPECIFIED SURFACE LOAD PRES FOR ALL SELECTED ELEMENTS  LKEY =  2   KVAL = 1
     VALUES =     0.0000         0.0000         0.0000         0.0000    

 SPECIFIED SURFACE LOAD PRES FOR ALL SELECTED ELEMENTS  LKEY =  3   KVAL = 1
     VALUES =    0.84585        0.84585        0.84585        0.84585    

 SELECT       FOR ITEM=TYPE COMPONENT=    
  IN RANGE        11 TO         11 STEP          1

        276  ELEMENTS (OF      73209  DEFINED) SELECTED BY  ESEL  COMMAND.

 SELECT      ALL NODES HAVING ANY ELEMENT IN ELEMENT SET.

        592 NODES (OF     108592  DEFINED) SELECTED FROM
      276 SELECTED ELEMENTS BY NSLE COMMAND.

 SPECIFIED SURFACE LOAD PRES FOR ALL SELECTED ELEMENTS  LKEY =  1   KVAL = 1
     VALUES =     0.0000         0.0000         0.0000         0.0000    

 SPECIFIED SURFACE LOAD PRES FOR ALL SELECTED ELEMENTS  LKEY =  2   KVAL = 1
     VALUES =     0.0000         0.0000         0.0000         0.0000    

 SPECIFIED SURFACE LOAD PRES FOR ALL SELECTED ELEMENTS  LKEY =  3   KVAL = 1
     VALUES =    0.56391        0.56391        0.56391        0.56391    

 SELECT       FOR ITEM=TYPE COMPONENT=    
  IN RANGE        12 TO         12 STEP          1

        404  ELEMENTS (OF      73209  DEFINED) SELECTED BY  ESEL  COMMAND.

 SELECT      ALL NODES HAVING ANY ELEMENT IN ELEMENT SET.

        912 NODES (OF     108592  DEFINED) SELECTED FROM
      404 SELECTED ELEMENTS BY NSLE COMMAND.

 SPECIFIED SURFACE LOAD PRES FOR ALL SELECTED ELEMENTS  LKEY =  1   KVAL = 1
     VALUES =     0.0000         0.0000         0.0000         0.0000    

 SPECIFIED SURFACE LOAD PRES FOR ALL SELECTED ELEMENTS  LKEY =  2   KVAL = 1
     VALUES =     0.0000         0.0000         0.0000         0.0000    

 SPECIFIED SURFACE LOAD PRES FOR ALL SELECTED ELEMENTS  LKEY =  3   KVAL = 1
     VALUES =    0.42292        0.42292        0.42292        0.42292    

 SELECT       FOR ITEM=TYPE COMPONENT=    
  IN RANGE        13 TO         13 STEP          1

        228  ELEMENTS (OF      73209  DEFINED) SELECTED BY  ESEL  COMMAND.

 SELECT      ALL NODES HAVING ANY ELEMENT IN ELEMENT SET.

        508 NODES (OF     108592  DEFINED) SELECTED FROM
      228 SELECTED ELEMENTS BY NSLE COMMAND.

 SPECIFIED SURFACE LOAD PRES FOR ALL SELECTED ELEMENTS  LKEY =  1   KVAL = 1
     VALUES =     0.0000         0.0000         0.0000         0.0000    

 SPECIFIED SURFACE LOAD PRES FOR ALL SELECTED ELEMENTS  LKEY =  2   KVAL = 1
     VALUES =     0.0000         0.0000         0.0000         0.0000    

 SPECIFIED SURFACE LOAD PRES FOR ALL SELECTED ELEMENTS  LKEY =  3   KVAL = 1
     VALUES =   -0.84585       -0.84585       -0.84585       -0.84585    

 ALL SELECT   FOR ITEM=NODE COMPONENT=    
  IN RANGE         1 TO     108592 STEP          1

     108592  NODES (OF     108592  DEFINED) SELECTED BY NSEL  COMMAND.

 ALL SELECT   FOR ITEM=ELEM COMPONENT=    
  IN RANGE         1 TO      96880 STEP          1

      73209  ELEMENTS (OF      73209  DEFINED) SELECTED BY  ESEL  COMMAND.

 SELECT       FOR ITEM=NODE COMPONENT=    
  IN RANGE    108592 TO     108592 STEP          1

          1  NODES (OF     108592  DEFINED) SELECTED BY  NSEL  COMMAND.

 SPECIFIED NODAL LOAD MX   FOR SELECTED NODES         1 TO   108592 BY        1
  REAL=  0.00000000       IMAG=  0.00000000    

 SPECIFIED NODAL LOAD MY   FOR SELECTED NODES         1 TO   108592 BY        1
  REAL= -25000.0000       IMAG=  0.00000000    

 SPECIFIED NODAL LOAD MZ   FOR SELECTED NODES         1 TO   108592 BY        1
  REAL=  0.00000000       IMAG=  0.00000000    

 ALL SELECT   FOR ITEM=NODE COMPONENT=    
  IN RANGE         1 TO     108592 STEP          1

     108592  NODES (OF     108592  DEFINED) SELECTED BY NSEL  COMMAND.

 PRINTOUT RESUMED BY /GOP

 USE       1 SUBSTEPS INITIALLY THIS LOAD STEP FOR ALL  DEGREES OF FREEDOM
 FOR AUTOMATIC TIME STEPPING:
   USE      1 SUBSTEPS AS A MAXIMUM
   USE      1 SUBSTEPS AS A MINIMUM

 TIME=  1.0000    

 ERASE THE CURRENT DATABASE OUTPUT CONTROL TABLE.


 WRITE ALL  ITEMS TO THE DATABASE WITH A FREQUENCY OF NONE
   FOR ALL APPLICABLE ENTITIES

 WRITE NSOL ITEMS TO THE DATABASE WITH A FREQUENCY OF ALL 
   FOR ALL APPLICABLE ENTITIES

 WRITE RSOL ITEMS TO THE DATABASE WITH A FREQUENCY OF ALL 
   FOR ALL APPLICABLE ENTITIES

 WRITE EANG ITEMS TO THE DATABASE WITH A FREQUENCY OF ALL 
   FOR ALL APPLICABLE ENTITIES

 WRITE ETMP ITEMS TO THE DATABASE WITH A FREQUENCY OF ALL 
   FOR ALL APPLICABLE ENTITIES

 WRITE VENG ITEMS TO THE DATABASE WITH A FREQUENCY OF ALL 
   FOR ALL APPLICABLE ENTITIES

 WRITE STRS ITEMS TO THE DATABASE WITH A FREQUENCY OF ALL 
   FOR ALL APPLICABLE ENTITIES

 WRITE EPEL ITEMS TO THE DATABASE WITH A FREQUENCY OF ALL 
   FOR ALL APPLICABLE ENTITIES

 WRITE EPPL ITEMS TO THE DATABASE WITH A FREQUENCY OF ALL 
   FOR ALL APPLICABLE ENTITIES

 WRITE CONT ITEMS TO THE DATABASE WITH A FREQUENCY OF ALL 
   FOR ALL APPLICABLE ENTITIES

 *GET  ANSINTER_  FROM  ACTI  ITEM=INT        VALUE=  0.00000000    

 *IF  ANSINTER_                         ( =   0.00000     )  NE  
      0                                 ( =   0.00000     )  THEN    

 *ENDIF

 *** NOTE ***                            CP =       2.609   TIME= 20:51:05
 The automatic domain decomposition logic has selected the MESH domain   
 decomposition method with 4 processes per solution.                     

 *****  MAPDL SOLVE    COMMAND  *****

 *** WARNING ***                         CP =       2.859   TIME= 20:51:05
 Element shape checking is currently inactive.  Issue SHPP,ON or         
 SHPP,WARN to reactivate, if desired.                                    

 *** NOTE ***                            CP =       3.484   TIME= 20:51:05
 The model data was checked and warning messages were found.             
  Please review output or errors file ( D:\GTIIT\Semester 6_Spring       
 2024\Design project\Project-in-Design-2024\SW\Box and Lid               
 Combination\_ProjectScratch\ScrD223\file0.err ) for these warning       
 messages.                                                               

 *** SELECTION OF ELEMENT TECHNOLOGIES FOR APPLICABLE ELEMENTS ***
      --- GIVE SUGGESTIONS AND RESET THE KEY OPTIONS ---

 ELEMENT TYPE         1 IS SOLID187. IT IS NOT ASSOCIATED WITH FULLY INCOMPRESSIBLE
 HYPERELASTIC MATERIALS. NO SUGGESTION IS AVAILABLE AND NO RESETTING IS NEEDED.



 *** MAPDL - ENGINEERING ANALYSIS SYSTEM  RELEASE 2024 R1          24.1     ***
 Ansys Mechanical Enterprise Academic Student      
 01055371  VERSION=WINDOWS x64   20:51:05  JUN 15, 2024 CP=      3.547

 Box and Lid Combination - Final Version--Static Structural (A5)               



                       S O L U T I O N   O P T I O N S

   PROBLEM DIMENSIONALITY. . . . . . . . . . . . .3-D                  
   DEGREES OF FREEDOM. . . . . . UX   UY   UZ   ROTX ROTY ROTZ
   ANALYSIS TYPE . . . . . . . . . . . . . . . . .STATIC (STEADY-STATE)
   OFFSET TEMPERATURE FROM ABSOLUTE ZERO . . . . .  273.15    
   EQUATION SOLVER OPTION. . . . . . . . . . . . .PCG                
      TOLERANCE. . . . . . . . . . . . . . . . . . 1.00000E-08
   GLOBALLY ASSEMBLED MATRIX . . . . . . . . . . .SYMMETRIC  

 *** WARNING ***                         CP =       3.672   TIME= 20:51:05
 Material number 4 (used by element 89561) should normally have at least 
 one MP or one TB type command associated with it.  Output of energy by  
 material may not be available.                                          

 *** NOTE ***                            CP =       3.797   TIME= 20:51:05
 The step data was checked and warning messages were found.              
  Please review output or errors file ( D:\GTIIT\Semester 6_Spring       
 2024\Design project\Project-in-Design-2024\SW\Box and Lid               
 Combination\_ProjectScratch\ScrD223\file0.err ) for these warning       
 messages.                                                               

 *** NOTE ***                            CP =       3.797   TIME= 20:51:05
 The conditions for direct assembly have been met.  No .emat or .erot    
 files will be produced.                                                 

 CHECK INITIAL OPEN/CLOSED STATUS OF SELECTED CONTACT ELEMENTS
      AND LIST DETAILED CONTACT PAIR INFORMATION

 *** NOTE ***                            CP =       4.109   TIME= 20:51:05
 Internal nodes from 108593 to 108593 are created.                       
 1 internal nodes are used for handling degrees of freedom on pilot      
 nodes of rigid target surfaces.                                         

 *** NOTE ***                            CP =       4.422   TIME= 20:51:05
 Internal nodes from 108593 to 108593 are created.                       
 1 internal nodes are used for handling degrees of freedom on pilot      
 nodes of rigid target surfaces.                                         

 *** NOTE ***                            CP =       5.344   TIME= 20:51:05
 The maximum number of contact elements in any single contact pair is 0, 
 which is smaller than the optimal domain size of 4118 elements for the  
 given number of CPU domains (4).  Therefore, no contact pairs are       
 being split by the CNCH,DMP logic.                                      

 *** NOTE ***                            CP =       5.531   TIME= 20:51:05
 Internal nodes from 108593 to 108593 are created.                       
 1 internal nodes are used for handling degrees of freedom on pilot      
 nodes of rigid target surfaces.                                         

 *** NOTE ***                            CP =       5.906   TIME= 20:51:06
 Internal nodes from 108593 to 108593 are created.                       
 1 internal nodes are used for handling degrees of freedom on pilot      
 nodes of rigid target surfaces.                                         

 *** NOTE ***                            CP =       6.594   TIME= 20:51:06
 Force-distributed-surface identified by real constant set 2 and         
 contact element type 2 has been set up.  The pilot node 108592 is used  
 to apply the force.  Internal MPC will be built.                        
 The used degrees of freedom set is  UX   UY   UZ   ROTX ROTY ROTZ
 Please verify constraints (including rotational degrees of freedom)
  on the pilot node by yourself.
 ****************************************
  
  
  

 *** NOTE ***                            CP =       6.844   TIME= 20:51:06
 Internal nodes from 108593 to 108593 are created.                       
 1 internal nodes are used for handling degrees of freedom on pilot      
 nodes of rigid target surfaces.                                         

  
  
     D I S T R I B U T E D   D O M A I N   D E C O M P O S E R
  
  ...Number of elements: 73209
  ...Number of nodes:    108593
  ...Decompose to 4 CPU domains
  ...Element load balance ratio =     1.224


                      L O A D   S T E P   O P T I O N S

   LOAD STEP NUMBER. . . . . . . . . . . . . . . .     1
   TIME AT END OF THE LOAD STEP. . . . . . . . . .  1.0000    
   NUMBER OF SUBSTEPS. . . . . . . . . . . . . . .     1
   STEP CHANGE BOUNDARY CONDITIONS . . . . . . . .    NO
   PRINT OUTPUT CONTROLS . . . . . . . . . . . . .NO PRINTOUT
   DATABASE OUTPUT CONTROLS
      ITEM     FREQUENCY   COMPONENT
       ALL       NONE               
      NSOL        ALL               
      RSOL        ALL               
      EANG        ALL               
      ETMP        ALL               
      VENG        ALL               
      STRS        ALL               
      EPEL        ALL               
      EPPL        ALL               
      CONT        ALL               


 SOLUTION MONITORING INFO IS WRITTEN TO FILE= file.mntr                                                                                                                                                                                                                                                           


 *** WARNING ***                         CP =       9.000   TIME= 20:51:07
 Too many nodes 5853 are included in the force-distributed-surface       
 constraint identified by real constant set 2.  This may greatly affect  
 solver performance due to large wave fronts and memory consumption.     
 Also check results carefully and consider solving with a different      
 unit system.                                                            

 *** NOTE ***                            CP =       9.156   TIME= 20:51:07
 The PCG solver has automatically set the level of difficulty for this   
 model to 2.                                                             


                         ***********  PRECISE MASS SUMMARY  ***********

   TOTAL RIGID BODY MASS MATRIX ABOUT ORIGIN
               Translational mass               |   Coupled translational/rotational mass
        0.17304E-02    0.0000        0.0000     |     0.0000      -0.16632E-02  -0.71447E-01
         0.0000       0.17304E-02    0.0000     |    0.16632E-02    0.0000       0.15608E-03
         0.0000        0.0000       0.17304E-02 |    0.71447E-01  -0.15608E-03    0.0000    
     ------------------------------------------ | ------------------------------------------
                                                |         Rotational mass (inertia)
                                                |     7.2894      -0.16289E-02  -0.82978E-07
                                                |   -0.16289E-02    5.7872       0.58212E-01
                                                |   -0.82978E-07   0.58212E-01    8.1840    

   TOTAL MASS = 0.17304E-02
     The mass principal axes coincide with the global Cartesian axes

   CENTER OF MASS (X,Y,Z)=   0.90201E-01    41.290      -0.96119    

   TOTAL INERTIA ABOUT CENTER OF MASS
         4.3377       0.48157E-02  -0.15010E-03
        0.48157E-02    5.7856      -0.10462E-01
       -0.15010E-03  -0.10462E-01    5.2339    

   PRINCIPAL INERTIAS =    4.3377        5.7858        5.2337    
   ORIENTATION VECTORS OF THE INERTIA PRINCIPAL AXES IN GLOBAL CARTESIAN
     ( 1.000,-0.003, 0.000) ( 0.003, 1.000,-0.019) (-0.000, 0.019, 1.000) 


  *** MASS SUMMARY BY ELEMENT TYPE ***

  TYPE      MASS
     1  0.173035E-02

 Range of element maximum matrix coefficients in global coordinates
 Maximum = 1239455.34 at element 46559.                                  
 Minimum = 44201.7679 at element 15655.                                  

   *** ELEMENT MATRIX FORMULATION TIMES
     TYPE    NUMBER   ENAME      TOTAL CP  AVE CP

        1     63102  SOLID187      4.141   0.000066
        2      2786  CONTA174      0.016   0.000006
        3         1  TARGE170      0.000   0.000000
        4      2786  SURF154       0.031   0.000011
        5       190  SURF154       0.000   0.000000
        6       198  SURF154       0.047   0.000237
        7       114  SURF154       0.000   0.000000
        8       112  SURF154       0.000   0.000000
        9      2786  SURF154       0.047   0.000017
       10       226  SURF154       0.016   0.000069
       11       276  SURF154       0.000   0.000000
       12       404  SURF154       0.016   0.000039
       13       228  SURF154       0.000   0.000000
 Time at end of element matrix formulation CP = 10.71875.                
 Iteration=    10 Ratio=  0.107864     Limit=  1.000000E-08 Wall=     0.1
 Iteration=    40 Ratio=  5.854853E-04 Limit=  1.000000E-08 Wall=     0.5
 Iteration=    75 Ratio=  2.312642E-06 Limit=  1.000000E-08 Wall=     0.9

 DISTRIBUTED PCG SOLVER SOLUTION CONVERGED

 DISTRIBUTED PCG SOLVER SOLUTION STATISTICS

   NUMBER OF ITERATIONS=         109
   NUMBER OF EQUATIONS =      325785
   LEVEL OF CONVERGENCE=           1
   CALCULATED NORM     = 0.78393E-08
   SPECIFIED TOLERANCE = 0.10000E-07
   TOTAL CPU TIME (sec)=        1.59
   TOTAL WALL TIME(sec)=        1.57
   TOTAL MEMORY (GB)   =        0.15


   *** ELEMENT RESULT CALCULATION TIMES
     TYPE    NUMBER   ENAME      TOTAL CP  AVE CP

        1     63102  SOLID187      2.422   0.000038
        2      2786  CONTA174      0.000   0.000000
        4      2786  SURF154       0.031   0.000011
        5       190  SURF154       0.000   0.000000
        6       198  SURF154       0.000   0.000000
        7       114  SURF154       0.016   0.000137
        8       112  SURF154       0.000   0.000000
        9      2786  SURF154       0.062   0.000022
       10       226  SURF154       0.000   0.000000
       11       276  SURF154       0.016   0.000057
       12       404  SURF154       0.000   0.000000
       13       228  SURF154       0.016   0.000069

   *** NODAL LOAD CALCULATION TIMES
     TYPE    NUMBER   ENAME      TOTAL CP  AVE CP

        1     63102  SOLID187      0.562   0.000009
        2      2786  CONTA174      0.000   0.000000
        4      2786  SURF154       0.000   0.000000
        5       190  SURF154       0.000   0.000000
        6       198  SURF154       0.000   0.000000
        7       114  SURF154       0.000   0.000000
        8       112  SURF154       0.000   0.000000
        9      2786  SURF154       0.000   0.000000
       10       226  SURF154       0.000   0.000000
       11       276  SURF154       0.000   0.000000
       12       404  SURF154       0.000   0.000000
       13       228  SURF154       0.000   0.000000
 *** LOAD STEP     1   SUBSTEP     1  COMPLETED.    CUM ITER =      1
 *** TIME =   1.00000         TIME INC =   1.00000      NEW TRIANG MATRIX


 *** MAPDL BINARY FILE STATISTICS
  BUFFER SIZE USED= 16384
       11.812 MB WRITTEN ON RESULTS FILE: file0.rst
 *************** Write FE CONNECTORS *********

 WRITE OUT CONSTRAINT EQUATIONS TO FILE= file.ce                                                                                                                                                                                                                                                             
 ****************************************************
 *************** FINISHED SOLVE FOR LS 1 *************

 *GET  _WALLASOL  FROM  ACTI  ITEM=TIME WALL  VALUE=  20.8530556    

 PRINTOUT RESUMED BY /GOP

 *GET  _PCGITER  FROM  ACTI  ITEM=SOLU CGIT  VALUE=  109.000000    

 FINISH SOLUTION PROCESSING


 ***** ROUTINE COMPLETED *****  CP =        14.594



 *** MAPDL - ENGINEERING ANALYSIS SYSTEM  RELEASE 2024 R1          24.1     ***
 Ansys Mechanical Enterprise Academic Student      
 01055371  VERSION=WINDOWS x64   20:51:11  JUN 15, 2024 CP=     14.609

 Box and Lid Combination - Final Version--Static Structural (A5)               



          ***** MAPDL RESULTS INTERPRETATION (POST1) *****

 *** NOTE ***                            CP =      14.609   TIME= 20:51:11
 Reading results into the database (SET command) will update the current 
 displacement and force boundary conditions in the database with the     
 values from the results file for that load set.  Note that any          
 subsequent solutions will use these values unless action is taken to    
 either SAVE the current values or not overwrite them (/EXIT,NOSAVE).    

 Set Encoding of XML File to:ISO-8859-1

 Set Output of XML File to:
     PARM,     ,     ,     ,     ,     ,     ,     ,     ,     ,     ,     ,
         ,     ,     ,     ,     ,     ,     ,

 DATABASE WRITTEN ON FILE  parm.xml                                                                                                                                                                                                                                                            

 EXIT THE MAPDL POST1 DATABASE PROCESSOR


 ***** ROUTINE COMPLETED *****  CP =        14.609



 PRINTOUT RESUMED BY /GOP

 *GET  _WALLDONE  FROM  ACTI  ITEM=TIME WALL  VALUE=  20.8530556    

 PARAMETER _PREPTIME =     1.000000000    

 PARAMETER _SOLVTIME =     6.000000000    

 PARAMETER _POSTTIME =     0.000000000    

 PARAMETER _TOTALTIM =     7.000000000    

 *GET  _DLBRATIO  FROM  ACTI  ITEM=SOLU DLBR  VALUE=  1.22385532    

 *GET  _COMBTIME  FROM  ACTI  ITEM=SOLU COMB  VALUE= 0.143627300    

 *GET  _SSMODE   FROM  ACTI  ITEM=SOLU SSMM  VALUE=  0.00000000    

 *GET  _NDOFS    FROM  ACTI  ITEM=SOLU NDOF  VALUE=  312804.000    

 *GET  _SOL_END_TIME  FROM  ACTI  ITEM=SET  TIME  VALUE=  1.00000000    

 *IF  _sol_end_time                     ( =   1.00000     )  EQ  
      1.000000                          ( =   1.00000     )  THEN    

 /FCLEAN COMMAND REMOVING ALL LOCAL FILES

 *ENDIF
 --- Total number of nodes = 108592
 --- Total number of elements = 73209
 --- Element load balance ratio = 1.22385532
 --- Time to combine distributed files = 0.1436273
 --- Sparse memory mode = 0
 --- Number of DOF = 312804

 EXIT MAPDL WITHOUT SAVING DATABASE


 NUMBER OF WARNING MESSAGES ENCOUNTERED=          3
 NUMBER OF ERROR   MESSAGES ENCOUNTERED=          0

+--------------------- M A P D L   S T A T I S T I C S ------------------------+

Release: 2024 R1            Build: 24.1       Update: UP20231106   Platform: WINDOWS x64 
Date Run: 06/15/2024   Time: 20:51     Process ID: 20396
Operating System: Windows 10  (Build: 19045)

Processor Model: AMD Ryzen 7 4800H with Radeon Graphics

Compiler: Intel(R) Fortran Compiler Classic Version 2021.9  (Build: 20230302)
          Intel(R) C/C++ Compiler Classic Version 2021.9  (Build: 20230302)
          Intel(R) Math Kernel Library Version 2020.0.0 Product Build 20191125
          BLAS Library supplied by AMD BLIS

Number of machines requested            :    1
Total number of cores available         :   16
Number of physical cores available      :    8
Number of processes requested           :    4
Number of threads per process requested :    1
Total number of cores requested         :    4 (Distributed Memory Parallel)               
MPI Type: INTELMPI
MPI Version: Intel(R) MPI Library 2021.10 for Windows* OS


GPU Acceleration: Not Requested

Job Name: file0
Input File: dummy.dat

  Core                Machine Name   Working Directory
 -----------------------------------------------------
     0             DESKTOP-V3NHAEU   D:\GTIIT\Semester 6_Spring 2024\Design project\Project-in-Design-2024\SW\Box and Lid Combination\_ProjectScratch\ScrD223
     1             DESKTOP-V3NHAEU   D:\GTIIT\Semester 6_Spring 2024\Design project\Project-in-Design-2024\SW\Box and Lid Combination\_ProjectScratch\ScrD223
     2             DESKTOP-V3NHAEU   D:\GTIIT\Semester 6_Spring 2024\Design project\Project-in-Design-2024\SW\Box and Lid Combination\_ProjectScratch\ScrD223
     3             DESKTOP-V3NHAEU   D:\GTIIT\Semester 6_Spring 2024\Design project\Project-in-Design-2024\SW\Box and Lid Combination\_ProjectScratch\ScrD223
 
Latency time from master to core     1 =    1.903 microseconds
Latency time from master to core     2 =    1.929 microseconds
Latency time from master to core     3 =    1.904 microseconds
 
Communication speed from master to core     1 =  4206.12 MB/sec
Communication speed from master to core     2 =  5155.97 MB/sec
Communication speed from master to core     3 =  5222.92 MB/sec

Total CPU time for main thread                    :        7.7 seconds
Total CPU time summed for all threads             :       15.2 seconds

Elapsed time spent obtaining a license            :        0.3 seconds
Elapsed time spent pre-processing model (/PREP7)  :        0.5 seconds
Elapsed time spent solution - preprocessing       :        1.6 seconds
Elapsed time spent computing solution             :        4.5 seconds
Elapsed time spent solution - postprocessing      :        0.1 seconds
Elapsed time spent post-processing model (/POST1) :        0.0 seconds
 
Equation solver used                              :            PCG (symmetric)
Equation solver computational rate                :        7.7 Gflops

Sum of disk space used on all processes           :      147.1 MB

Sum of memory used on all processes               :      873.0 MB
Sum of memory allocated on all processes          :     3240.0 MB
Physical memory available                         :         15 GB
Total amount of I/O written to disk               :        0.2 GB
Total amount of I/O read from disk                :        0.0 GB

+------------------ E N D   M A P D L   S T A T I S T I C S -------------------+


 *-----------------------------------------------------------------------------*
 |                                                                             |
 |                               RUN COMPLETED                                 |
 |                                                                             |
 |-----------------------------------------------------------------------------|
 |                                                                             |
 |  Ansys MAPDL 2024 R1         Build 24.1         UP20231106    WINDOWS x64   |
 |                                                                             |
 |-----------------------------------------------------------------------------|
 |                                                                             |
 |  Database Requested(-db)     1024 MB     Scratch Memory Requested   1024 MB |
 |  Max Database Used(Master)     99 MB     Max Scratch Used(Master)    279 MB |
 |  Max Database Used(Workers)     1 MB     Max Scratch Used(Workers)   174 MB |
 |  Sum Database Used(All)       102 MB     Sum Scratch Used(All)       771 MB |
 |                                                                             |
 |-----------------------------------------------------------------------------|
 |                                                                             |
 |        CP Time      (sec) =         15.250       Time  =  20:51:12          |
 |        Elapsed Time (sec) =          9.000       Date  =  06/15/2024        |
 |                                                                             |
 *-----------------------------------------------------------------------------*
